<?xml version='1.0' encoding='UTF-8'?>
<testsuites>
  <testsuite name="Test Suite" device="iPhone 14 Plus - iOS 16.1 - E7F8022E-939F-4165-B887-F342740BFCE6" tests="5" failures="0">
    <testcase id="sign-in-flow" name="sign-in-flow"/>
    <testcase id="sign-in-flow-with-subflow" name="sign-in-flow-with-subflow"/>
    <testcase id="sign-in-flow-constants" name="sign-in-flow-constants"/>
    <testcase id="sign-in-flow-testid" name="sign-in-flow-testid"/>
    <testcase id="sign-in-flow-external-parameters" name="sign-in-flow-external-parameters"/>
  </testsuite>
</testsuites>
